googlePlay/build/outputs/logs/manifest-merger-debug-report.txt
-- Merging decision tree log ---
manifest
ADDED from src\main\AndroidManifest.xml:2:1-41:12
	package
		ADDED from src\main\AndroidManifest.xml:3:5-35
		INJECTED from src\main\AndroidManifest.xml
		INJECTED from src\main\AndroidManifest.xml
	android:versionName
		ADDED from src\main\AndroidManifest.xml:5:5-30
		INJECTED from src\main\AndroidManifest.xml
		INJECTED from src\main\AndroidManifest.xml
	android:versionCode
		ADDED from src\main\AndroidManifest.xml:4:5-28
		INJECTED from src\main\AndroidManifest.xml
		INJECTED from src\main\AndroidManifest.xml
	xmlns:android
		ADDED from src\main\AndroidManifest.xml:2:11-69
uses-sdk
ADDED from src\main\AndroidManifest.xml:7:5-9:41
MERGED from [com.android.support:appcompat-v7:19.1.0] AndroidManifest.xml:18:5-42
	android:targetSdkVersion
		ADDED from src\main\AndroidManifest.xml:9:9-38
		INJECTED from src\main\AndroidManifest.xml
		INJECTED from src\main\AndroidManifest.xml
	android:minSdkVersion
		ADDED from src\main\AndroidManifest.xml:8:9-35
		INJECTED from src\main\AndroidManifest.xml
		INJECTED from src\main\AndroidManifest.xml
uses-permission#android.permission.INTERNET
ADDED from src\main\AndroidManifest.xml:11:5-67
	android:name
		ADDED from src\main\AndroidManifest.xml:11:22-64
uses-permission#android.permission.WRITE_EXTERNAL_STORAGE
ADDED from src\main\AndroidManifest.xml:12:5-81
	android:name
		ADDED from src\main\AndroidManifest.xml:12:22-78
application
ADDED from src\main\AndroidManifest.xml:14:5-39:19
MERGED from [com.android.support:appcompat-v7:19.1.0] AndroidManifest.xml:19:5-20
	android:label
		ADDED from src\main\AndroidManifest.xml:18:9-41
	android:allowBackup
		ADDED from src\main\AndroidManifest.xml:16:9-35
	android:icon
		ADDED from src\main\AndroidManifest.xml:17:9-45
	android:theme
		ADDED from src\main\AndroidManifest.xml:19:9-40
	android:name
		ADDED from src\main\AndroidManifest.xml:15:9-72
activity#com.heima.googleplay.MainActivity
ADDED from src\main\AndroidManifest.xml:20:9-28:20
	android:label
		ADDED from src\main\AndroidManifest.xml:22:13-45
	android:name
		ADDED from src\main\AndroidManifest.xml:21:13-61
intent-filter#android.intent.action.MAIN+android.intent.category.LAUNCHER
ADDED from src\main\AndroidManifest.xml:23:13-27:29
action#android.intent.action.MAIN
ADDED from src\main\AndroidManifest.xml:24:17-69
	android:name
		ADDED from src\main\AndroidManifest.xml:24:25-66
category#android.intent.category.LAUNCHER
ADDED from src\main\AndroidManifest.xml:26:17-77
	android:name
		ADDED from src\main\AndroidManifest.xml:26:27-74
activity#com.heima.googleplay.DetailActivity
ADDED from src\main\AndroidManifest.xml:30:9-33:20
	android:screenOrientation
		ADDED from src\main\AndroidManifest.xml:32:13-49
	android:name
		ADDED from src\main\AndroidManifest.xml:31:13-63
activity#com.heima.googleplay.ImageScaleActivity
ADDED from src\main\AndroidManifest.xml:35:9-38:20
	android:screenOrientation
		ADDED from src\main\AndroidManifest.xml:37:13-49
	android:name
		ADDED from src\main\AndroidManifest.xml:36:13-67